app/build/outputs/logs/manifest-merger-debug-report.txt
-- Merging decision tree log ---
manifest
ADDED from src\main\AndroidManifest.xml:1:1-36:12
INJECTED from src\main\AndroidManifest.xml:1:1-36:12
INJECTED from src\main\AndroidManifest.xml:1:1-36:12
INJECTED from src\main\AndroidManifest.xml:1:1-36:12
MERGED from [:react-native-immediate-phone-call] AndroidManifest.xml:2:1-11:12
MERGED from [:react-native-vector-icons] AndroidManifest.xml:2:1-11:12
MERGED from [:react-native-android-sms-listener] AndroidManifest.xml:2:1-13:12
MERGED from [:react-native-linear-gradient] AndroidManifest.xml:2:1-11:12
MERGED from [:react-native-image-picker] AndroidManifest.xml:2:1-23:12
MERGED from [com.facebook.react:react-native:0.55.4] AndroidManifest.xml:2:1-15:12
MERGED from [:react-native-maps] AndroidManifest.xml:2:1-12:12
MERGED from [com.google.android.gms:play-services-maps:10.2.4] AndroidManifest.xml:16:1-25:12
MERGED from [com.google.android.gms:play-services-base:10.2.4] AndroidManifest.xml:16:1-21:12
MERGED from [com.google.android.gms:play-services-tasks:10.2.4] AndroidManifest.xml:2:1-5:12
MERGED from [com.google.android.gms:play-services-basement:10.2.4] AndroidManifest.xml:16:1-23:12
MERGED from [com.android.support:appcompat-v7:23.1.1] AndroidManifest.xml:17:1-24:12
MERGED from [com.android.support:support-v4:27.1.1] AndroidManifest.xml:17:1-22:12
MERGED from [com.android.support:cardview-v7:27.1.1] AndroidManifest.xml:17:1-22:12
MERGED from [com.google.maps.android:android-maps-utils:0.5] AndroidManifest.xml:2:1-13:12
MERGED from [com.android.support:support-media-compat:27.1.1] AndroidManifest.xml:17:1-22:12
MERGED from [com.android.support:support-fragment:27.1.1] AndroidManifest.xml:17:1-22:12
MERGED from [com.android.support:support-core-ui:27.1.1] AndroidManifest.xml:17:1-22:12
MERGED from [com.android.support:support-core-utils:27.1.1] AndroidManifest.xml:17:1-22:12
MERGED from [com.android.support:support-compat:27.1.1] AndroidManifest.xml:17:1-22:12
MERGED from [com.facebook.fbui.textlayoutbuilder:textlayoutbuilder:1.0.0] AndroidManifest.xml:10:1-18:12
MERGED from [com.facebook.fresco:fresco:1.3.0] AndroidManifest.xml:2:1-9:12
MERGED from [com.facebook.fresco:imagepipeline-okhttp3:1.3.0] AndroidManifest.xml:2:1-9:12
MERGED from [com.facebook.soloader:soloader:0.1.0] AndroidManifest.xml:1:1-4:12
MERGED from [org.webkit:android-jsc:r174650] AndroidManifest.xml:1:1-3:12
MERGED from [com.facebook.fresco:drawee:1.3.0] AndroidManifest.xml:2:1-9:12
MERGED from [com.facebook.fresco:imagepipeline:1.3.0] AndroidManifest.xml:2:1-9:12
MERGED from [com.facebook.fresco:imagepipeline-base:1.3.0] AndroidManifest.xml:2:1-9:12
MERGED from [com.facebook.fresco:fbcore:1.3.0] AndroidManifest.xml:2:1-9:12
MERGED from [android.arch.lifecycle:runtime:1.1.0] AndroidManifest.xml:17:1-22:12
MERGED from [android.arch.lifecycle:livedata-core:1.1.0] AndroidManifest.xml:17:1-22:12
MERGED from [android.arch.lifecycle:viewmodel:1.1.0] AndroidManifest.xml:17:1-22:12
MERGED from [android.arch.core:runtime:1.1.0] AndroidManifest.xml:17:1-22:12
INJECTED from src\main\AndroidManifest.xml:1:1-36:12
INJECTED from src\main\AndroidManifest.xml:1:1-36:12
INJECTED from src\main\AndroidManifest.xml:1:1-36:12
	package
		ADDED from src\main\AndroidManifest.xml:2:5-28
		INJECTED from src\main\AndroidManifest.xml
		INJECTED from src\main\AndroidManifest.xml
	android:versionName
		INJECTED from src\main\AndroidManifest.xml
		ADDED from src\main\AndroidManifest.xml:1:1-36:12
		INJECTED from src\main\AndroidManifest.xml
	android:versionCode
		INJECTED from src\main\AndroidManifest.xml
		ADDED from src\main\AndroidManifest.xml:1:1-36:12
		INJECTED from src\main\AndroidManifest.xml
	xmlns:android
		ADDED from src\main\AndroidManifest.xml:1:11-69
uses-permission#android.permission.INTERNET
ADDED from src\main\AndroidManifest.xml:4:5-67
MERGED from [:react-native-maps] AndroidManifest.xml:9:5-67
MERGED from [:react-native-maps] AndroidManifest.xml:9:5-67
MERGED from [com.google.android.gms:play-services-maps:10.2.4] AndroidManifest.xml:20:5-66
MERGED from [com.google.android.gms:play-services-maps:10.2.4] AndroidManifest.xml:20:5-66
	android:name
		ADDED from src\main\AndroidManifest.xml:4:22-64
uses-permission#android.permission.SYSTEM_ALERT_WINDOW
ADDED from src\main\AndroidManifest.xml:5:5-77
MERGED from [com.facebook.react:react-native:0.55.4] AndroidManifest.xml:11:5-78
MERGED from [com.facebook.react:react-native:0.55.4] AndroidManifest.xml:11:5-78
	android:name
		ADDED from src\main\AndroidManifest.xml:5:22-75
uses-permission#android.permission.ACCESS_FINE_LOCATION
ADDED from src\main\AndroidManifest.xml:6:5-78
	android:name
		ADDED from src\main\AndroidManifest.xml:6:22-76
uses-permission#android.permission.RECEIVE_SMS
ADDED from src\main\AndroidManifest.xml:7:5-70
MERGED from [:react-native-android-sms-listener] AndroidManifest.xml:11:5-70
MERGED from [:react-native-android-sms-listener] AndroidManifest.xml:11:5-70
	android:name
		ADDED from src\main\AndroidManifest.xml:7:22-67
uses-permission#android.permission.READ_SMS
ADDED from src\main\AndroidManifest.xml:8:5-67
	android:name
		ADDED from src\main\AndroidManifest.xml:8:22-64
uses-permission#android.permission.CALL_PHONE
ADDED from src\main\AndroidManifest.xml:9:5-69
	android:name
		ADDED from src\main\AndroidManifest.xml:9:22-66
application
ADDED from src\main\AndroidManifest.xml:11:5-34:19
MERGED from [:react-native-image-picker] AndroidManifest.xml:11:5-21:19
MERGED from [:react-native-image-picker] AndroidManifest.xml:11:5-21:19
MERGED from [com.facebook.react:react-native:0.55.4] AndroidManifest.xml:13:5-20
MERGED from [com.facebook.react:react-native:0.55.4] AndroidManifest.xml:13:5-20
MERGED from [com.google.android.gms:play-services-maps:10.2.4] AndroidManifest.xml:24:5-19
MERGED from [com.google.android.gms:play-services-maps:10.2.4] AndroidManifest.xml:24:5-19
MERGED from [com.google.android.gms:play-services-base:10.2.4] AndroidManifest.xml:18:5-20:19
MERGED from [com.google.android.gms:play-services-base:10.2.4] AndroidManifest.xml:18:5-20:19
MERGED from [com.google.android.gms:play-services-tasks:10.2.4] AndroidManifest.xml:4:5-19
MERGED from [com.google.android.gms:play-services-tasks:10.2.4] AndroidManifest.xml:4:5-19
MERGED from [com.google.android.gms:play-services-basement:10.2.4] AndroidManifest.xml:19:5-21:19
MERGED from [com.google.android.gms:play-services-basement:10.2.4] AndroidManifest.xml:19:5-21:19
MERGED from [com.android.support:appcompat-v7:23.1.1] AndroidManifest.xml:22:5-20
MERGED from [com.android.support:appcompat-v7:23.1.1] AndroidManifest.xml:22:5-20
MERGED from [com.google.maps.android:android-maps-utils:0.5] AndroidManifest.xml:7:5-11:19
MERGED from [com.google.maps.android:android-maps-utils:0.5] AndroidManifest.xml:7:5-11:19
MERGED from [com.facebook.soloader:soloader:0.1.0] AndroidManifest.xml:3:3-17
MERGED from [com.facebook.soloader:soloader:0.1.0] AndroidManifest.xml:3:3-17
MERGED from [org.webkit:android-jsc:r174650] AndroidManifest.xml:2:3-17
MERGED from [org.webkit:android-jsc:r174650] AndroidManifest.xml:2:3-17
	android:label
		ADDED from src\main\AndroidManifest.xml:13:7-39
	android:icon
		ADDED from src\main\AndroidManifest.xml:14:7-38
	android:allowBackup
		ADDED from src\main\AndroidManifest.xml:15:7-34
	android:theme
		ADDED from src\main\AndroidManifest.xml:16:7-38
	android:name
		ADDED from src\main\AndroidManifest.xml:12:7-38
meta-data#com.google.android.geo.API_KEY
ADDED from src\main\AndroidManifest.xml:18:8-20:64
	android:value
		ADDED from src\main\AndroidManifest.xml:20:7-62
	android:name
		ADDED from src\main\AndroidManifest.xml:19:7-52
activity#com.nboxitapp.MainActivity
ADDED from src\main\AndroidManifest.xml:22:7-31:18
	android:label
		ADDED from src\main\AndroidManifest.xml:24:9-41
	android:windowSoftInputMode
		ADDED from src\main\AndroidManifest.xml:26:9-51
	android:configChanges
		ADDED from src\main\AndroidManifest.xml:25:9-79
	android:name
		ADDED from src\main\AndroidManifest.xml:23:9-37
intent-filter#action:name:android.intent.action.MAIN+category:name:android.intent.category.LAUNCHER
ADDED from src\main\AndroidManifest.xml:27:9-30:25
action#android.intent.action.MAIN
ADDED from src\main\AndroidManifest.xml:28:13-65
	android:name
		ADDED from src\main\AndroidManifest.xml:28:21-62
category#android.intent.category.LAUNCHER
ADDED from src\main\AndroidManifest.xml:29:13-73
	android:name
		ADDED from src\main\AndroidManifest.xml:29:23-70
activity#com.facebook.react.devsupport.DevSettingsActivity
ADDED from src\main\AndroidManifest.xml:32:7-33:13
	android:name
		ADDED from src\main\AndroidManifest.xml:32:17-81
uses-sdk
INJECTED from src\main\AndroidManifest.xml reason: use-sdk injection requested
INJECTED from src\main\AndroidManifest.xml
INJECTED from src\main\AndroidManifest.xml
MERGED from [:react-native-immediate-phone-call] AndroidManifest.xml:7:5-9:41
MERGED from [:react-native-immediate-phone-call] AndroidManifest.xml:7:5-9:41
MERGED from [:react-native-vector-icons] AndroidManifest.xml:7:5-9:41
MERGED from [:react-native-vector-icons] AndroidManifest.xml:7:5-9:41
MERGED from [:react-native-android-sms-listener] AndroidManifest.xml:7:5-9:41
MERGED from [:react-native-android-sms-listener] AndroidManifest.xml:7:5-9:41
MERGED from [:react-native-linear-gradient] AndroidManifest.xml:7:5-9:41
MERGED from [:react-native-linear-gradient] AndroidManifest.xml:7:5-9:41
MERGED from [:react-native-image-picker] AndroidManifest.xml:7:5-9:41
MERGED from [:react-native-image-picker] AndroidManifest.xml:7:5-9:41
MERGED from [com.facebook.react:react-native:0.55.4] AndroidManifest.xml:7:5-9:41
MERGED from [com.facebook.react:react-native:0.55.4] AndroidManifest.xml:7:5-9:41
MERGED from [:react-native-maps] AndroidManifest.xml:5:5-7:41
MERGED from [:react-native-maps] AndroidManifest.xml:5:5-7:41
MERGED from [com.google.android.gms:play-services-maps:10.2.4] AndroidManifest.xml:23:5-43
MERGED from [com.google.android.gms:play-services-maps:10.2.4] AndroidManifest.xml:23:5-43
MERGED from [com.google.android.gms:play-services-base:10.2.4] AndroidManifest.xml:17:5-43
MERGED from [com.google.android.gms:play-services-base:10.2.4] AndroidManifest.xml:17:5-43
MERGED from [com.google.android.gms:play-services-tasks:10.2.4] AndroidManifest.xml:3:5-43
MERGED from [com.google.android.gms:play-services-tasks:10.2.4] AndroidManifest.xml:3:5-43
MERGED from [com.google.android.gms:play-services-basement:10.2.4] AndroidManifest.xml:17:5-43
MERGED from [com.google.android.gms:play-services-basement:10.2.4] AndroidManifest.xml:17:5-43
MERGED from [com.android.support:appcompat-v7:23.1.1] AndroidManifest.xml:20:5-43
MERGED from [com.android.support:appcompat-v7:23.1.1] AndroidManifest.xml:20:5-43
MERGED from [com.android.support:support-v4:27.1.1] AndroidManifest.xml:20:5-44
MERGED from [com.android.support:support-v4:27.1.1] AndroidManifest.xml:20:5-44
MERGED from [com.android.support:cardview-v7:27.1.1] AndroidManifest.xml:20:5-44
MERGED from [com.android.support:cardview-v7:27.1.1] AndroidManifest.xml:20:5-44
MERGED from [com.google.maps.android:android-maps-utils:0.5] AndroidManifest.xml:5:5-43
MERGED from [com.google.maps.android:android-maps-utils:0.5] AndroidManifest.xml:5:5-43
MERGED from [com.android.support:support-media-compat:27.1.1] AndroidManifest.xml:20:5-44
MERGED from [com.android.support:support-media-compat:27.1.1] AndroidManifest.xml:20:5-44
MERGED from [com.android.support:support-fragment:27.1.1] AndroidManifest.xml:20:5-44
MERGED from [com.android.support:support-fragment:27.1.1] AndroidManifest.xml:20:5-44
MERGED from [com.android.support:support-core-ui:27.1.1] AndroidManifest.xml:20:5-44
MERGED from [com.android.support:support-core-ui:27.1.1] AndroidManifest.xml:20:5-44
MERGED from [com.android.support:support-core-utils:27.1.1] AndroidManifest.xml:20:5-44
MERGED from [com.android.support:support-core-utils:27.1.1] AndroidManifest.xml:20:5-44
MERGED from [com.android.support:support-compat:27.1.1] AndroidManifest.xml:20:5-44
MERGED from [com.android.support:support-compat:27.1.1] AndroidManifest.xml:20:5-44
MERGED from [com.facebook.fbui.textlayoutbuilder:textlayoutbuilder:1.0.0] AndroidManifest.xml:14:5-16:41
MERGED from [com.facebook.fbui.textlayoutbuilder:textlayoutbuilder:1.0.0] AndroidManifest.xml:14:5-16:41
MERGED from [com.facebook.fresco:fresco:1.3.0] AndroidManifest.xml:5:5-7:41
MERGED from [com.facebook.fresco:fresco:1.3.0] AndroidManifest.xml:5:5-7:41
MERGED from [com.facebook.fresco:imagepipeline-okhttp3:1.3.0] AndroidManifest.xml:5:5-7:41
MERGED from [com.facebook.fresco:imagepipeline-okhttp3:1.3.0] AndroidManifest.xml:5:5-7:41
MERGED from [com.facebook.soloader:soloader:0.1.0] AndroidManifest.xml:2:3-70
MERGED from [com.facebook.soloader:soloader:0.1.0] AndroidManifest.xml:2:3-70
MERGED from [com.facebook.fresco:drawee:1.3.0] AndroidManifest.xml:5:5-7:41
MERGED from [com.facebook.fresco:drawee:1.3.0] AndroidManifest.xml:5:5-7:41
MERGED from [com.facebook.fresco:imagepipeline:1.3.0] AndroidManifest.xml:5:5-7:41
MERGED from [com.facebook.fresco:imagepipeline:1.3.0] AndroidManifest.xml:5:5-7:41
MERGED from [com.facebook.fresco:imagepipeline-base:1.3.0] AndroidManifest.xml:5:5-7:41
MERGED from [com.facebook.fresco:imagepipeline-base:1.3.0] AndroidManifest.xml:5:5-7:41
MERGED from [com.facebook.fresco:fbcore:1.3.0] AndroidManifest.xml:5:5-7:41
MERGED from [com.facebook.fresco:fbcore:1.3.0] AndroidManifest.xml:5:5-7:41
MERGED from [android.arch.lifecycle:runtime:1.1.0] AndroidManifest.xml:20:5-44
MERGED from [android.arch.lifecycle:runtime:1.1.0] AndroidManifest.xml:20:5-44
MERGED from [android.arch.lifecycle:livedata-core:1.1.0] AndroidManifest.xml:20:5-44
MERGED from [android.arch.lifecycle:livedata-core:1.1.0] AndroidManifest.xml:20:5-44
MERGED from [android.arch.lifecycle:viewmodel:1.1.0] AndroidManifest.xml:20:5-44
MERGED from [android.arch.lifecycle:viewmodel:1.1.0] AndroidManifest.xml:20:5-44
MERGED from [android.arch.core:runtime:1.1.0] AndroidManifest.xml:20:5-44
MERGED from [android.arch.core:runtime:1.1.0] AndroidManifest.xml:20:5-44
INJECTED from src\main\AndroidManifest.xml
INJECTED from src\main\AndroidManifest.xml
	android:targetSdkVersion
		INJECTED from src\main\AndroidManifest.xml
		ADDED from src\main\AndroidManifest.xml
		INJECTED from src\main\AndroidManifest.xml
	android:minSdkVersion
		INJECTED from src\main\AndroidManifest.xml
		ADDED from src\main\AndroidManifest.xml
		INJECTED from src\main\AndroidManifest.xml
provider#com.imagepicker.FileProvider
ADDED from [:react-native-image-picker] AndroidManifest.xml:12:9-20:20
	android:grantUriPermissions
		ADDED from [:react-native-image-picker] AndroidManifest.xml:16:13-47
	android:authorities
		ADDED from [:react-native-image-picker] AndroidManifest.xml:14:13-60
	android:exported
		ADDED from [:react-native-image-picker] AndroidManifest.xml:15:13-37
	android:name
		ADDED from [:react-native-image-picker] AndroidManifest.xml:13:13-56
meta-data#android.support.FILE_PROVIDER_PATHS
ADDED from [:react-native-image-picker] AndroidManifest.xml:17:13-19:58
	android:resource
		ADDED from [:react-native-image-picker] AndroidManifest.xml:19:17-55
	android:name
		ADDED from [:react-native-image-picker] AndroidManifest.xml:18:17-67
uses-permission#android.permission.ACCESS_COARSE_LOCATION
ADDED from [:react-native-maps] AndroidManifest.xml:10:5-81
	android:name
		ADDED from [:react-native-maps] AndroidManifest.xml:10:22-78
uses-permission#android.permission.ACCESS_NETWORK_STATE
ADDED from [com.google.android.gms:play-services-maps:10.2.4] AndroidManifest.xml:19:5-78
	android:name
		ADDED from [com.google.android.gms:play-services-maps:10.2.4] AndroidManifest.xml:19:22-76
uses-feature#0x00020000
ADDED from [com.google.android.gms:play-services-maps:10.2.4] AndroidManifest.xml:21:5-77
	android:glEsVersion
		ADDED from [com.google.android.gms:play-services-maps:10.2.4] AndroidManifest.xml:21:19-51
	android:required
		ADDED from [com.google.android.gms:play-services-maps:10.2.4] AndroidManifest.xml:21:52-75
activity#com.google.android.gms.common.api.GoogleApiActivity
ADDED from [com.google.android.gms:play-services-base:10.2.4] AndroidManifest.xml:19:9-172
	android:exported
		ADDED from [com.google.android.gms:play-services-base:10.2.4] AndroidManifest.xml:19:146-170
	android:theme
		ADDED from [com.google.android.gms:play-services-base:10.2.4] AndroidManifest.xml:19:86-145
	android:name
		ADDED from [com.google.android.gms:play-services-base:10.2.4] AndroidManifest.xml:19:19-85
meta-data#com.google.android.gms.version
ADDED from [com.google.android.gms:play-services-basement:10.2.4] AndroidManifest.xml:20:9-121
MERGED from [com.google.maps.android:android-maps-utils:0.5] AndroidManifest.xml:8:9-10:69
MERGED from [com.google.maps.android:android-maps-utils:0.5] AndroidManifest.xml:8:9-10:69
	android:value
		ADDED from [com.google.android.gms:play-services-basement:10.2.4] AndroidManifest.xml:20:66-119
	android:name
		ADDED from [com.google.android.gms:play-services-basement:10.2.4] AndroidManifest.xml:20:20-65
uses-permission#android.permission.WRITE_EXTERNAL_STORAGE
IMPLIED from src\main\AndroidManifest.xml:1:1-36:12 reason: org.webkit.android_jsc has a targetSdkVersion < 4
uses-permission#android.permission.READ_PHONE_STATE
IMPLIED from src\main\AndroidManifest.xml:1:1-36:12 reason: org.webkit.android_jsc has a targetSdkVersion < 4
uses-permission#android.permission.READ_EXTERNAL_STORAGE
IMPLIED from src\main\AndroidManifest.xml:1:1-36:12 reason: org.webkit.android_jsc requested WRITE_EXTERNAL_STORAGE